<?xml version="1.0" encoding="UTF-8"?>
<testng-results ignored="0" total="1" passed="1" failed="0" skipped="0">
  <reporter-output>
  </reporter-output>
  <suite started-at="2023-08-12T02:33:42 IST" name="Default suite" finished-at="2023-08-12T02:33:42 IST" duration-ms="253">
    <groups>
    </groups>
    <test started-at="2023-08-12T02:33:42 IST" name="Default test" finished-at="2023-08-12T02:33:42 IST" duration-ms="253">
      <class name="storedFunctionTesting.SFTesting">
        <test-method is-config="true" signature="setup()[pri:0, instance:storedFunctionTesting.SFTesting@76f4b65]" started-at="2023-08-12T02:33:42 IST" name="setup" finished-at="2023-08-12T02:33:42 IST" duration-ms="187" status="PASS">
          <reporter-output>
          </reporter-output>
        </test-method> <!-- setup -->
        <test-method signature="test_storedFunctionExists()[pri:1, instance:storedFunctionTesting.SFTesting@76f4b65]" started-at="2023-08-12T02:33:42 IST" name="test_storedFunctionExists" finished-at="2023-08-12T02:33:42 IST" duration-ms="31" status="PASS">
          <reporter-output>
          </reporter-output>
        </test-method> <!-- test_storedFunctionExists -->
        <test-method is-config="true" signature="tearDown()[pri:0, instance:storedFunctionTesting.SFTesting@76f4b65]" started-at="2023-08-12T02:33:42 IST" name="tearDown" finished-at="2023-08-12T02:33:42 IST" duration-ms="5" status="PASS">
          <reporter-output>
          </reporter-output>
        </test-method> <!-- tearDown -->
      </class> <!-- storedFunctionTesting.SFTesting -->
    </test> <!-- Default test -->
  </suite> <!-- Default suite -->
</testng-results>
